#
# There is insufficient memory for the Java Runtime Environment to continue.
# Native memory allocation (malloc) failed to allocate 1048576 bytes for AllocateHeap
# Possible reasons:
#   The system is out of physical RAM or swap space
#   In 32 bit mode, the process size limit was hit
# Possible solutions:
#   Reduce memory load on the system
#   Increase physical memory or swap space
#   Check if swap backing store is full
#   Use 64 bit Java on a 64 bit OS
#   Decrease Java heap size (-Xmx/-Xms)
#   Decrease number of Java threads
#   Decrease Java thread stack sizes (-Xss)
#   Set larger code cache with -XX:ReservedCodeCacheSize=
# This output file may be truncated or incomplete.
#
#  Out of Memory Error (memory/allocation.inline.hpp:61), pid=21792, tid=0x000000000000640c
#
# JRE version:  (8.0_181-b13) (build )
# Java VM: Java HotSpot(TM) 64-Bit Server VM (25.181-b13 mixed mode windows-amd64 compressed oops)
# Failed to write core dump. Minidumps are not enabled by default on client versions of Windows
#

---------------  T H R E A D  ---------------

Current thread (0x00000000036e3800):  JavaThread "Unknown thread" [_thread_in_vm, id=25612, stack(0x0000000003440000,0x0000000003540000)]

Stack: [0x0000000003440000,0x0000000003540000]
[error occurred during error reporting (printing stack bounds), id 0xc0000005]

Native frames: (J=compiled Java code, j=interpreted, Vv=VM code, C=native code)


---------------  P R O C E S S  ---------------

Java Threads: ( => current thread )

Other Threads:

=>0x00000000036e3800 (exited) JavaThread "Unknown thread" [_thread_in_vm, id=25612, stack(0x0000000003440000,0x0000000003540000)]

VM state:not at safepoint (normal execution)

VM Mutex/Monitor currently owned by a thread: None

Heap:
 PSYoungGen      total 35840K, used 614K [0x00000000d8500000, 0x00000000dad00000, 0x0000000100000000)
  eden space 30720K, 2% used [0x00000000d8500000,0x00000000d85999a8,0x00000000da300000)
  from space 5120K, 0% used [0x00000000da800000,0x00000000da800000,0x00000000dad00000)
  to   space 5120K, 0% used [0x00000000da300000,0x00000000da300000,0x00000000da800000)
 ParOldGen       total 81920K, used 0K [0x0000000088e00000, 0x000000008de00000, 0x00000000d8500000)
  object space 81920K, 0% used [0x0000000088e00000,0x0000000088e00000,0x000000008de00000)
 Metaspace       used 775K, capacity 4480K, committed 4480K, reserved 1056768K
  class space    used 76K, capacity 384K, committed 384K, reserved 1048576K

Card table byte_map: [0x0000000012ba0000,0x0000000012f60000] byte_map_base: 0x0000000012759000

Marking Bits: (ParMarkBitMap*) 0x0000000056052d00
 Begin Bits: [0x00000000135e0000, 0x00000000153a8000)
 End Bits:   [0x00000000153a8000, 0x0000000017170000)

Polling page: 0x0000000001300000

CodeCache: size=245760Kb used=328Kb max_used=328Kb free=245431Kb
 bounds [0x00000000037e0000, 0x0000000003a50000, 0x00000000127e0000]
 total_blobs=58 nmethods=0 adapters=38
 compilation: enabled

Compilation events (0 events):
No events

GC Heap History (0 events):
No events

Deoptimization events (0 events):
No events

Classes redefined (0 events):
No events

Internal exceptions (0 events):
No events

Events (10 events):
Event: 0.053 loading class java/lang/Short
Event: 0.053 loading class java/lang/Short done
Event: 0.053 loading class java/lang/Integer
Event: 0.053 loading class java/lang/Integer done
Event: 0.053 loading class java/lang/Long
Event: 0.053 loading class java/lang/Long done
Event: 0.054 loading class java/lang/NullPointerException
Event: 0.054 loading class java/lang/NullPointerException done
Event: 0.054 loading class java/lang/ArithmeticException
Event: 0.054 loading class java/lang/ArithmeticException done


Dynamic libraries:
0x00007ff6e2750000 - 0x00007ff6e2787000 	C:\Program Files\Java\jdk1.8.0_181\bin\java.exe
0x00007fff7cdf0000 - 0x00007fff7cfd1000 	C:\WINDOWS\SYSTEM32\ntdll.dll
0x00007fff7a280000 - 0x00007fff7a332000 	C:\WINDOWS\System32\KERNEL32.DLL
0x00007fff794d0000 - 0x00007fff79743000 	C:\WINDOWS\System32\KERNELBASE.dll
0x00007fff7cd10000 - 0x00007fff7cdb1000 	C:\WINDOWS\System32\ADVAPI32.dll
0x00007fff7b1d0000 - 0x00007fff7b26e000 	C:\WINDOWS\System32\msvcrt.dll
0x00007fff7a4d0000 - 0x00007fff7a52b000 	C:\WINDOWS\System32\sechost.dll
0x00007fff7a850000 - 0x00007fff7a974000 	C:\WINDOWS\System32\RPCRT4.dll
0x00007fff7a340000 - 0x00007fff7a4d0000 	C:\WINDOWS\System32\USER32.dll
0x00007fff79360000 - 0x00007fff79380000 	C:\WINDOWS\System32\win32u.dll
0x00007fff7ae40000 - 0x00007fff7ae68000 	C:\WINDOWS\System32\GDI32.dll
0x00007fff791c0000 - 0x00007fff79352000 	C:\WINDOWS\System32\gdi32full.dll
0x00007fff793d0000 - 0x00007fff7946f000 	C:\WINDOWS\System32\msvcp_win.dll
0x00007fff7a050000 - 0x00007fff7a14a000 	C:\WINDOWS\System32\ucrtbase.dll
0x00007fff63430000 - 0x00007fff63699000 	C:\WINDOWS\WinSxS\amd64_microsoft.windows.common-controls_6595b64144ccf1df_6.0.17134.376_none_fb439a3730647da2\COMCTL32.dll
0x00007fff7aea0000 - 0x00007fff7b1c3000 	C:\WINDOWS\System32\combase.dll
0x00007fff7a150000 - 0x00007fff7a1ca000 	C:\WINDOWS\System32\bcryptPrimitives.dll
0x00007fff7ae70000 - 0x00007fff7ae9d000 	C:\WINDOWS\System32\IMM32.DLL
0x00000000568e0000 - 0x00000000569b2000 	C:\Program Files\Java\jdk1.8.0_181\jre\bin\msvcr100.dll
0x0000000055830000 - 0x00000000560d2000 	C:\Program Files\Java\jdk1.8.0_181\jre\bin\server\jvm.dll
0x00007fff7b3f0000 - 0x00007fff7b3f8000 	C:\WINDOWS\System32\PSAPI.DLL
0x00007fff77030000 - 0x00007fff77053000 	C:\WINDOWS\SYSTEM32\WINMM.dll
0x00007fff74190000 - 0x00007fff7419a000 	C:\WINDOWS\SYSTEM32\VERSION.dll
0x00007fff77000000 - 0x00007fff7702a000 	C:\WINDOWS\SYSTEM32\winmmbase.dll
0x00007fff79380000 - 0x00007fff793c9000 	C:\WINDOWS\System32\cfgmgr32.dll
0x00007fff64590000 - 0x00007fff64599000 	C:\WINDOWS\SYSTEM32\WSOCK32.dll
0x00007fff7cca0000 - 0x00007fff7cd0c000 	C:\WINDOWS\System32\WS2_32.dll
0x00000000568d0000 - 0x00000000568df000 	C:\Program Files\Java\jdk1.8.0_181\jre\bin\verify.dll
0x00000000568a0000 - 0x00000000568c9000 	C:\Program Files\Java\jdk1.8.0_181\jre\bin\java.dll
0x0000000056870000 - 0x0000000056893000 	C:\Program Files\Java\jdk1.8.0_181\jre\bin\instrument.dll
0x0000000056850000 - 0x0000000056866000 	C:\Program Files\Java\jdk1.8.0_181\jre\bin\zip.dll

VM Arguments:
jvm_args: -ea -Didea.test.cyclic.buffer.size=1048576 -javaagent:C:\Program Files\JetBrains\IntelliJ IDEA 2018.2.4\lib\idea_rt.jar=52796:C:\Program Files\JetBrains\IntelliJ IDEA 2018.2.4\bin -Dfile.encoding=UTF-8 
java_command: com.intellij.rt.execution.junit.JUnitStarter -ideVersion5 -junit4 com.sm.dao.impl.StudentDAOImplTest
java_class_path (initial): C:\Program Files\JetBrains\IntelliJ IDEA 2018.2.4\lib\idea_rt.jar;C:\Program Files\JetBrains\IntelliJ IDEA 2018.2.4\plugins\junit\lib\junit-rt.jar;C:\Program Files\JetBrains\IntelliJ IDEA 2018.2.4\plugins\junit\lib\junit5-rt.jar;C:\Program Files\Java\jdk1.8.0_181\jre\lib\charsets.jar;C:\Program Files\Java\jdk1.8.0_181\jre\lib\deploy.jar;C:\Program Files\Java\jdk1.8.0_181\jre\lib\ext\access-bridge-64.jar;C:\Program Files\Java\jdk1.8.0_181\jre\lib\ext\cldrdata.jar;C:\Program Files\Java\jdk1.8.0_181\jre\lib\ext\dnsns.jar;C:\Program Files\Java\jdk1.8.0_181\jre\lib\ext\jaccess.jar;C:\Program Files\Java\jdk1.8.0_181\jre\lib\ext\jfxrt.jar;C:\Program Files\Java\jdk1.8.0_181\jre\lib\ext\localedata.jar;C:\Program Files\Java\jdk1.8.0_181\jre\lib\ext\nashorn.jar;C:\Program Files\Java\jdk1.8.0_181\jre\lib\ext\sunec.jar;C:\Program Files\Java\jdk1.8.0_181\jre\lib\ext\sunjce_provider.jar;C:\Program Files\Java\jdk1.8.0_181\jre\lib\ext\sunmscapi.jar;C:\Program Files\Java\jdk1.8.0_181\jre\lib\ext\sunpkcs11.jar;C:\Program Files\Java\jdk1.8.0_181\jre\lib\ext\zipfs.jar;C:\Program Files\Java\jdk1.8.0_181\jre\lib\javaws.jar;C:\Program Files\Java\jdk1.8.0_181\jre\lib\jce.jar;C:\Program Files\Java\jdk1.8.0_181\jre\lib\jfr.jar;C:\Program Files\Java\jdk1.8.0_181\jre\lib\jfxswt.jar;C:\Program Files\Java\jdk1.8.0_181\jre\lib\jsse.jar;C:\Program Files\Java\jdk1.8.0_181\jre\lib\management-agent.jar;C:\Program Files\Java\jdk1.8.0_181\jre\lib\plugin.jar;C:\Program Files\Java\jdk1.8.0_181\jre\lib\resources.jar;C:\Program Files\Java\jdk1.8.0_181\jre\lib\rt.jar;D:\student-manage\target\test-classes;D:\student-manage\target\classes;D:\local repositry\mysql\mysql-connector-java\5.1.39\mysql-connector-java-5.1.39.jar;D:\local repositry\commons-codec\commons-codec\1.12\commons-codec-1.12.jar;D:\local repositry\junit\junit\4.12\junit-4.12.jar;D:\local repositry\org\hamcrest\hamcrest-core\1.3\hamcrest-core-1.3.jar;D:\local repositry\com\aliyun\oss\aliyun-sdk-oss\2.8.3\aliyun-sdk-
Launcher Type: SUN_STANDARD

Environment Variables:
PATH=C:\Program Files (x86)\Common Files\Oracle\Java\javapath;C:\Program Files (x86)\Intel\Intel(R) Management Engine Components\iCLS\;C:\Program Files\Intel\Intel(R) Management Engine Components\iCLS\;C:\WINDOWS\system32;C:\WINDOWS;C:\WINDOWS\System32\Wbem;C:\WINDOWS\System32\WindowsPowerShell\v1.0\;C:\Program Files (x86)\Intel\Intel(R) Management Engine Components\DAL;C:\Program Files\Intel\Intel(R) Management Engine Components\DAL;C:\Program Files (x86)\Intel\Intel(R) Management Engine Components\IPT;C:\Program Files\Intel\Intel(R) Management Engine Components\IPT;C:\Program Files\Java\jdk1.8.0_181\bin;C:\WINDOWS\System32\OpenSSH\;C:\Program Files\Git\cmd;C:\Program Files\Git\bin;C:\Program Files\MySQL\MySQL Utilities 1.6\;C:\Users\진자자\AppData\Local\Microsoft\WindowsApps;
USERNAME=진자자
OS=Windows_NT
PROCESSOR_IDENTIFIER=Intel64 Family 6 Model 142 Stepping 9, GenuineIntel



---------------  S Y S T E M  ---------------

OS: Windows 10.0 , 64 bit Build 17134 (10.0.17134.1)

CPU:total 4 (initial active 4) (2 cores per cpu, 2 threads per core) family 6 model 142 stepping 9, cmov, cx8, fxsr, mmx, sse, sse2, sse3, ssse3, sse4.1, sse4.2, popcnt, avx, avx2, aes, clmul, erms, 3dnowpref, lzcnt, ht, tsc, tscinvbit, bmi1, bmi2, adx

Memory: 4k page, physical 7800256k(1459228k free), swap 31917504k(138624k free)

vm_info: Java HotSpot(TM) 64-Bit Server VM (25.181-b13) for windows-amd64 JRE (1.8.0_181-b13), built on Jul  7 2018 04:01:33 by "java_re" with MS VC++ 10.0 (VS2010)

time: Sat May 25 12:53:05 2019
elapsed time: 0 seconds (0d 0h 0m 0s)

